<?xml version="1.0" encoding="UTF-8"?>
<testsuite name="Cucumber" time="4.346" tests="1" skipped="0" failures="0" errors="0">
<testcase classname="Login Functionality" name="Complete login and logout flow" time="4.253">
<system-out><![CDATA[
Given I am on the login page................................................passed
When I enter valid username and password....................................passed
And I click the login button................................................passed
Then I should be logged in successfully.....................................passed
When I click the logout button..............................................passed
Then I should be logged out successfully....................................passed
]]></system-out>
</testcase>
</testsuite>
